{ message: 'test',
  level: 'error',
  filename: 'your-service-name',
  timestamp: '12:38:13' }
{ level: 'error',
  filename: 'your-service-name',
  timestamp: '12:38:13',
  message: 'Error passed as message',
  stack: 'Error: Error passed as message\n    at Object.<anonymous> (D:\\code\\Github\\electron-template\\main-process\\test-logger.js:67:21)\n    at Object.<anonymous> (D:\\code\\Github\\electron-template\\main-process\\test-logger.js:94:3)\n    at Module._compile (module.js:642:30)\n    at Object.Module._extensions..js (module.js:653:10)\n    at Module.load (module.js:561:32)\n    at tryModuleLoad (module.js:504:12)\n    at Function.Module._load (module.js:496:3)\n    at Module.require (module.js:586:17)\n    at require (internal/module.js:11:18)\n    at files.forEach (D:\\code\\Github\\electron-template\\main.js:86:29)' }
{ filename: 'your-service-name',
  level: 'error',
  message: 'Important error: Error passed as meta',
  stack: 'Error: Error passed as meta\n    at Object.<anonymous> (D:\\code\\Github\\electron-template\\main-process\\test-logger.js:70:42)\n    at Object.<anonymous> (D:\\code\\Github\\electron-template\\main-process\\test-logger.js:94:3)\n    at Module._compile (module.js:642:30)\n    at Object.Module._extensions..js (module.js:653:10)\n    at Module.load (module.js:561:32)\n    at tryModuleLoad (module.js:504:12)\n    at Function.Module._load (module.js:496:3)\n    at Module.require (module.js:586:17)\n    at require (internal/module.js:11:18)\n    at files.forEach (D:\\code\\Github\\electron-template\\main.js:86:29)',
  timestamp: '12:38:13' }
{ level: 'error',
  filename: 'your-service-name',
  timestamp: '12:38:13',
  message: 'Error as info',
  stack: 'Error: Error as info\n    at Object.<anonymous> (D:\\code\\Github\\electron-template\\main-process\\test-logger.js:72:14)\n    at Object.<anonymous> (D:\\code\\Github\\electron-template\\main-process\\test-logger.js:94:3)\n    at Module._compile (module.js:642:30)\n    at Object.Module._extensions..js (module.js:653:10)\n    at Module.load (module.js:561:32)\n    at tryModuleLoad (module.js:504:12)\n    at Function.Module._load (module.js:496:3)\n    at Module.require (module.js:586:17)\n    at require (internal/module.js:11:18)\n    at files.forEach (D:\\code\\Github\\electron-template\\main.js:86:29)' }
{ message: 'Error: Error as info',
  level: 'error',
  filename: 'your-service-name',
  timestamp: '12:38:13' }
{ message: 'test',
  level: 'error',
  filename: 'your-service-name',
  timestamp: '12:40:09' }
{ level: 'error',
  filename: 'your-service-name',
  timestamp: '12:40:09',
  message: 'Error passed as message',
  stack: 'Error: Error passed as message\n    at Object.<anonymous> (D:\\code\\Github\\electron-template\\main-process\\test-logger.js:67:21)\n    at Object.<anonymous> (D:\\code\\Github\\electron-template\\main-process\\test-logger.js:94:3)\n    at Module._compile (module.js:642:30)\n    at Object.Module._extensions..js (module.js:653:10)\n    at Module.load (module.js:561:32)\n    at tryModuleLoad (module.js:504:12)\n    at Function.Module._load (module.js:496:3)\n    at Module.require (module.js:586:17)\n    at require (internal/module.js:11:18)\n    at files.forEach (D:\\code\\Github\\electron-template\\main.js:86:29)' }
{ filename: 'your-service-name',
  level: 'error',
  message: 'Important error: Error passed as meta',
  stack: 'Error: Error passed as meta\n    at Object.<anonymous> (D:\\code\\Github\\electron-template\\main-process\\test-logger.js:70:42)\n    at Object.<anonymous> (D:\\code\\Github\\electron-template\\main-process\\test-logger.js:94:3)\n    at Module._compile (module.js:642:30)\n    at Object.Module._extensions..js (module.js:653:10)\n    at Module.load (module.js:561:32)\n    at tryModuleLoad (module.js:504:12)\n    at Function.Module._load (module.js:496:3)\n    at Module.require (module.js:586:17)\n    at require (internal/module.js:11:18)\n    at files.forEach (D:\\code\\Github\\electron-template\\main.js:86:29)',
  timestamp: '12:40:09' }
{ level: 'error',
  filename: 'your-service-name',
  timestamp: '12:40:09',
  message: 'Error as info',
  stack: 'Error: Error as info\n    at Object.<anonymous> (D:\\code\\Github\\electron-template\\main-process\\test-logger.js:72:14)\n    at Object.<anonymous> (D:\\code\\Github\\electron-template\\main-process\\test-logger.js:94:3)\n    at Module._compile (module.js:642:30)\n    at Object.Module._extensions..js (module.js:653:10)\n    at Module.load (module.js:561:32)\n    at tryModuleLoad (module.js:504:12)\n    at Function.Module._load (module.js:496:3)\n    at Module.require (module.js:586:17)\n    at require (internal/module.js:11:18)\n    at files.forEach (D:\\code\\Github\\electron-template\\main.js:86:29)' }
{ message: 'Error: Error as info',
  level: 'error',
  filename: 'your-service-name',
  timestamp: '12:40:09' }
{ message: 'test',
  level: 'error',
  filename: 'your-service-name',
  timestamp: '12:41:01' }
{ level: 'error',
  filename: 'your-service-name',
  timestamp: '12:41:01',
  message: 'Error passed as message',
  stack: 'Error: Error passed as message\n    at Object.<anonymous> (D:\\code\\Github\\electron-template\\main-process\\test-logger.js:67:21)\n    at Object.<anonymous> (D:\\code\\Github\\electron-template\\main-process\\test-logger.js:94:3)\n    at Module._compile (module.js:642:30)\n    at Object.Module._extensions..js (module.js:653:10)\n    at Module.load (module.js:561:32)\n    at tryModuleLoad (module.js:504:12)\n    at Function.Module._load (module.js:496:3)\n    at Module.require (module.js:586:17)\n    at require (internal/module.js:11:18)\n    at files.forEach (D:\\code\\Github\\electron-template\\main.js:86:29)' }
{ filename: 'your-service-name',
  level: 'error',
  message: 'Important error: Error passed as meta',
  stack: 'Error: Error passed as meta\n    at Object.<anonymous> (D:\\code\\Github\\electron-template\\main-process\\test-logger.js:70:42)\n    at Object.<anonymous> (D:\\code\\Github\\electron-template\\main-process\\test-logger.js:94:3)\n    at Module._compile (module.js:642:30)\n    at Object.Module._extensions..js (module.js:653:10)\n    at Module.load (module.js:561:32)\n    at tryModuleLoad (module.js:504:12)\n    at Function.Module._load (module.js:496:3)\n    at Module.require (module.js:586:17)\n    at require (internal/module.js:11:18)\n    at files.forEach (D:\\code\\Github\\electron-template\\main.js:86:29)',
  timestamp: '12:41:01' }
{ level: 'error',
  filename: 'your-service-name',
  timestamp: '12:41:01',
  message: 'Error as info',
  stack: 'Error: Error as info\n    at Object.<anonymous> (D:\\code\\Github\\electron-template\\main-process\\test-logger.js:72:14)\n    at Object.<anonymous> (D:\\code\\Github\\electron-template\\main-process\\test-logger.js:94:3)\n    at Module._compile (module.js:642:30)\n    at Object.Module._extensions..js (module.js:653:10)\n    at Module.load (module.js:561:32)\n    at tryModuleLoad (module.js:504:12)\n    at Function.Module._load (module.js:496:3)\n    at Module.require (module.js:586:17)\n    at require (internal/module.js:11:18)\n    at files.forEach (D:\\code\\Github\\electron-template\\main.js:86:29)' }
{ message: 'Error: Error as info',
  level: 'error',
  filename: 'your-service-name',
  timestamp: '12:41:01' }
{ message: 'test',
  level: 'error',
  filename: 'your-service-name',
  timestamp: '12:43:15' }
{ level: 'error',
  filename: 'your-service-name',
  timestamp: '12:43:15',
  message: 'Error passed as message',
  stack: 'Error: Error passed as message\n    at Object.<anonymous> (D:\\code\\Github\\electron-template\\main-process\\test-logger.js:67:21)\n    at Object.<anonymous> (D:\\code\\Github\\electron-template\\main-process\\test-logger.js:94:3)\n    at Module._compile (module.js:642:30)\n    at Object.Module._extensions..js (module.js:653:10)\n    at Module.load (module.js:561:32)\n    at tryModuleLoad (module.js:504:12)\n    at Function.Module._load (module.js:496:3)\n    at Module.require (module.js:586:17)\n    at require (internal/module.js:11:18)\n    at files.forEach (D:\\code\\Github\\electron-template\\main.js:86:29)' }
{ filename: 'your-service-name',
  level: 'error',
  message: 'Important error: Error passed as meta',
  stack: 'Error: Error passed as meta\n    at Object.<anonymous> (D:\\code\\Github\\electron-template\\main-process\\test-logger.js:70:42)\n    at Object.<anonymous> (D:\\code\\Github\\electron-template\\main-process\\test-logger.js:94:3)\n    at Module._compile (module.js:642:30)\n    at Object.Module._extensions..js (module.js:653:10)\n    at Module.load (module.js:561:32)\n    at tryModuleLoad (module.js:504:12)\n    at Function.Module._load (module.js:496:3)\n    at Module.require (module.js:586:17)\n    at require (internal/module.js:11:18)\n    at files.forEach (D:\\code\\Github\\electron-template\\main.js:86:29)',
  timestamp: '12:43:15' }
{ level: 'error',
  filename: 'your-service-name',
  timestamp: '12:43:15',
  message: 'Error as info',
  stack: 'Error: Error as info\n    at Object.<anonymous> (D:\\code\\Github\\electron-template\\main-process\\test-logger.js:72:14)\n    at Object.<anonymous> (D:\\code\\Github\\electron-template\\main-process\\test-logger.js:94:3)\n    at Module._compile (module.js:642:30)\n    at Object.Module._extensions..js (module.js:653:10)\n    at Module.load (module.js:561:32)\n    at tryModuleLoad (module.js:504:12)\n    at Function.Module._load (module.js:496:3)\n    at Module.require (module.js:586:17)\n    at require (internal/module.js:11:18)\n    at files.forEach (D:\\code\\Github\\electron-template\\main.js:86:29)' }
{ message: 'Error: Error as info',
  level: 'error',
  filename: 'your-service-name',
  timestamp: '12:43:15' }
{ message: 'test', level: 'error', timestamp: '19:32:52' }
{ level: 'error',
  timestamp: '19:32:52',
  message: 'Error passed as message',
  stack: 'Error: Error passed as message\n    at Object.<anonymous> (D:\\code\\Github\\electron-template\\main-process\\test-logger.js:67:21)\n    at Object.<anonymous> (D:\\code\\Github\\electron-template\\main-process\\test-logger.js:94:3)\n    at Module._compile (module.js:642:30)\n    at Object.Module._extensions..js (module.js:653:10)\n    at Module.load (module.js:561:32)\n    at tryModuleLoad (module.js:504:12)\n    at Function.Module._load (module.js:496:3)\n    at Module.require (module.js:586:17)\n    at require (internal/module.js:11:18)\n    at files.forEach (D:\\code\\Github\\electron-template\\main.js:86:29)' }
{ level: 'error',
  message: 'Important error: Error passed as meta',
  stack: 'Error: Error passed as meta\n    at Object.<anonymous> (D:\\code\\Github\\electron-template\\main-process\\test-logger.js:70:42)\n    at Object.<anonymous> (D:\\code\\Github\\electron-template\\main-process\\test-logger.js:94:3)\n    at Module._compile (module.js:642:30)\n    at Object.Module._extensions..js (module.js:653:10)\n    at Module.load (module.js:561:32)\n    at tryModuleLoad (module.js:504:12)\n    at Function.Module._load (module.js:496:3)\n    at Module.require (module.js:586:17)\n    at require (internal/module.js:11:18)\n    at files.forEach (D:\\code\\Github\\electron-template\\main.js:86:29)',
  timestamp: '19:32:52' }
{ level: 'error',
  timestamp: '19:32:52',
  message: 'Error as info',
  stack: 'Error: Error as info\n    at Object.<anonymous> (D:\\code\\Github\\electron-template\\main-process\\test-logger.js:72:14)\n    at Object.<anonymous> (D:\\code\\Github\\electron-template\\main-process\\test-logger.js:94:3)\n    at Module._compile (module.js:642:30)\n    at Object.Module._extensions..js (module.js:653:10)\n    at Module.load (module.js:561:32)\n    at tryModuleLoad (module.js:504:12)\n    at Function.Module._load (module.js:496:3)\n    at Module.require (module.js:586:17)\n    at require (internal/module.js:11:18)\n    at files.forEach (D:\\code\\Github\\electron-template\\main.js:86:29)' }
{ message: 'Error: Error as info',
  level: 'error',
  timestamp: '19:32:52' }
{ error: Error: Hello, winston!
    at Object.<anonymous> (D:\code\Github\electron-template\main-process\test-logger.js:93:7)
    at Object.<anonymous> (D:\code\Github\electron-template\main-process\test-logger.js:94:3)
    at Module._compile (module.js:642:30)
    at Object.Module._extensions..js (module.js:653:10)
    at Module.load (module.js:561:32)
    at tryModuleLoad (module.js:504:12)
    at Function.Module._load (module.js:496:3)
    at Module.require (module.js:586:17)
    at require (internal/module.js:11:18)
    at files.forEach (D:\code\Github\electron-template\main.js:86:29),
  level: 'error',
  message: 'uncaughtException: Hello, winston!\nError: Hello, winston!\n    at Object.<anonymous> (D:\\code\\Github\\electron-template\\main-process\\test-logger.js:93:7)\n    at Object.<anonymous> (D:\\code\\Github\\electron-template\\main-process\\test-logger.js:94:3)\n    at Module._compile (module.js:642:30)\n    at Object.Module._extensions..js (module.js:653:10)\n    at Module.load (module.js:561:32)\n    at tryModuleLoad (module.js:504:12)\n    at Function.Module._load (module.js:496:3)\n    at Module.require (module.js:586:17)\n    at require (internal/module.js:11:18)\n    at files.forEach (D:\\code\\Github\\electron-template\\main.js:86:29)',
  stack: 'Error: Hello, winston!\n    at Object.<anonymous> (D:\\code\\Github\\electron-template\\main-process\\test-logger.js:93:7)\n    at Object.<anonymous> (D:\\code\\Github\\electron-template\\main-process\\test-logger.js:94:3)\n    at Module._compile (module.js:642:30)\n    at Object.Module._extensions..js (module.js:653:10)\n    at Module.load (module.js:561:32)\n    at tryModuleLoad (module.js:504:12)\n    at Function.Module._load (module.js:496:3)\n    at Module.require (module.js:586:17)\n    at require (internal/module.js:11:18)\n    at files.forEach (D:\\code\\Github\\electron-template\\main.js:86:29)',
  exception: true,
  date: 'Fri Apr 05 2019 19:34:23 GMT+0200 (Paris, Madrid (heure d’été))',
  process: 
   { pid: 1348,
     uid: null,
     gid: null,
     cwd: 'D:\\code\\Github\\electron-template',
     execPath: 'D:\\code\\Github\\electron-template\\node_modules\\electron\\dist\\electron.exe',
     version: 'v8.9.3',
     argv: 
      [ 'D:\\code\\Github\\electron-template\\node_modules\\electron\\dist\\electron.exe',
        '--inspect-brk=19214',
        '.' ],
     memoryUsage: 
      { rss: 45281280,
        heapTotal: 14053376,
        heapUsed: 10809528,
        external: 24992 } },
  os: { loadavg: [ 0, 0, 0 ], uptime: 1052.6140247 },
  trace: 
   [ { column: 7,
       file: 'D:\\code\\Github\\electron-template\\main-process\\test-logger.js',
       function: null,
       line: 93,
       method: null,
       native: false },
     { column: 3,
       file: 'D:\\code\\Github\\electron-template\\main-process\\test-logger.js',
       function: null,
       line: 94,
       method: null,
       native: false },
     { column: 30,
       file: 'module.js',
       function: 'Module._compile',
       line: 642,
       method: '_compile',
       native: false },
     { column: 10,
       file: 'module.js',
       function: 'Module._extensions..js',
       line: 653,
       method: '.js',
       native: false },
     { column: 32,
       file: 'module.js',
       function: 'Module.load',
       line: 561,
       method: 'load',
       native: false },
     { column: 12,
       file: 'module.js',
       function: 'tryModuleLoad',
       line: 504,
       method: null,
       native: false },
     { column: 3,
       file: 'module.js',
       function: 'Module._load',
       line: 496,
       method: '_load',
       native: false },
     { column: 17,
       file: 'module.js',
       function: 'Module.require',
       line: 586,
       method: 'require',
       native: false },
     { column: 18,
       file: 'internal/module.js',
       function: 'require',
       line: 11,
       method: null,
       native: false },
     { column: 29,
       file: 'D:\\code\\Github\\electron-template\\main.js',
       function: 'files.forEach',
       line: 86,
       method: 'forEach',
       native: false } ],
  timestamp: '19:34:24' }
{ message: 'test', level: 'error', timestamp: '19:34:44' }
{ level: 'error',
  timestamp: '19:34:44',
  message: 'Error passed as message',
  stack: 'Error: Error passed as message\n    at Object.<anonymous> (D:\\code\\Github\\electron-template\\main-process\\test-logger.js:67:21)\n    at Object.<anonymous> (D:\\code\\Github\\electron-template\\main-process\\test-logger.js:94:3)\n    at Module._compile (module.js:642:30)\n    at Object.Module._extensions..js (module.js:653:10)\n    at Module.load (module.js:561:32)\n    at tryModuleLoad (module.js:504:12)\n    at Function.Module._load (module.js:496:3)\n    at Module.require (module.js:586:17)\n    at require (internal/module.js:11:18)\n    at files.forEach (D:\\code\\Github\\electron-template\\main.js:86:29)' }
{ level: 'error',
  message: 'Important error: Error passed as meta',
  stack: 'Error: Error passed as meta\n    at Object.<anonymous> (D:\\code\\Github\\electron-template\\main-process\\test-logger.js:70:42)\n    at Object.<anonymous> (D:\\code\\Github\\electron-template\\main-process\\test-logger.js:94:3)\n    at Module._compile (module.js:642:30)\n    at Object.Module._extensions..js (module.js:653:10)\n    at Module.load (module.js:561:32)\n    at tryModuleLoad (module.js:504:12)\n    at Function.Module._load (module.js:496:3)\n    at Module.require (module.js:586:17)\n    at require (internal/module.js:11:18)\n    at files.forEach (D:\\code\\Github\\electron-template\\main.js:86:29)',
  timestamp: '19:34:44' }
{ level: 'error',
  timestamp: '19:34:44',
  message: 'Error as info',
  stack: 'Error: Error as info\n    at Object.<anonymous> (D:\\code\\Github\\electron-template\\main-process\\test-logger.js:72:14)\n    at Object.<anonymous> (D:\\code\\Github\\electron-template\\main-process\\test-logger.js:94:3)\n    at Module._compile (module.js:642:30)\n    at Object.Module._extensions..js (module.js:653:10)\n    at Module.load (module.js:561:32)\n    at tryModuleLoad (module.js:504:12)\n    at Function.Module._load (module.js:496:3)\n    at Module.require (module.js:586:17)\n    at require (internal/module.js:11:18)\n    at files.forEach (D:\\code\\Github\\electron-template\\main.js:86:29)' }
{ message: 'Error: Error as info',
  level: 'error',
  timestamp: '19:34:44' }
{ error: Error: Hello, winston!
    at Object.<anonymous> (D:\code\Github\electron-template\main-process\test-logger.js:93:7)
    at Object.<anonymous> (D:\code\Github\electron-template\main-process\test-logger.js:94:3)
    at Module._compile (module.js:642:30)
    at Object.Module._extensions..js (module.js:653:10)
    at Module.load (module.js:561:32)
    at tryModuleLoad (module.js:504:12)
    at Function.Module._load (module.js:496:3)
    at Module.require (module.js:586:17)
    at require (internal/module.js:11:18)
    at files.forEach (D:\code\Github\electron-template\main.js:86:29),
  level: 'error',
  message: 'uncaughtException: Hello, winston!\nError: Hello, winston!\n    at Object.<anonymous> (D:\\code\\Github\\electron-template\\main-process\\test-logger.js:93:7)\n    at Object.<anonymous> (D:\\code\\Github\\electron-template\\main-process\\test-logger.js:94:3)\n    at Module._compile (module.js:642:30)\n    at Object.Module._extensions..js (module.js:653:10)\n    at Module.load (module.js:561:32)\n    at tryModuleLoad (module.js:504:12)\n    at Function.Module._load (module.js:496:3)\n    at Module.require (module.js:586:17)\n    at require (internal/module.js:11:18)\n    at files.forEach (D:\\code\\Github\\electron-template\\main.js:86:29)',
  stack: 'Error: Hello, winston!\n    at Object.<anonymous> (D:\\code\\Github\\electron-template\\main-process\\test-logger.js:93:7)\n    at Object.<anonymous> (D:\\code\\Github\\electron-template\\main-process\\test-logger.js:94:3)\n    at Module._compile (module.js:642:30)\n    at Object.Module._extensions..js (module.js:653:10)\n    at Module.load (module.js:561:32)\n    at tryModuleLoad (module.js:504:12)\n    at Function.Module._load (module.js:496:3)\n    at Module.require (module.js:586:17)\n    at require (internal/module.js:11:18)\n    at files.forEach (D:\\code\\Github\\electron-template\\main.js:86:29)',
  exception: true,
  date: 'Fri Apr 05 2019 19:34:44 GMT+0200 (Paris, Madrid (heure d’été))',
  process: 
   { pid: 3828,
     uid: null,
     gid: null,
     cwd: 'D:\\code\\Github\\electron-template',
     execPath: 'D:\\code\\Github\\electron-template\\node_modules\\electron\\dist\\electron.exe',
     version: 'v8.9.3',
     argv: 
      [ 'D:\\code\\Github\\electron-template\\node_modules\\electron\\dist\\electron.exe',
        '.' ],
     memoryUsage: 
      { rss: 43114496,
        heapTotal: 18771968,
        heapUsed: 11682632,
        external: 130759 } },
  os: { loadavg: [ 0, 0, 0 ], uptime: 1072.6664081 },
  trace: 
   [ { column: 7,
       file: 'D:\\code\\Github\\electron-template\\main-process\\test-logger.js',
       function: null,
       line: 93,
       method: null,
       native: false },
     { column: 3,
       file: 'D:\\code\\Github\\electron-template\\main-process\\test-logger.js',
       function: null,
       line: 94,
       method: null,
       native: false },
     { column: 30,
       file: 'module.js',
       function: 'Module._compile',
       line: 642,
       method: '_compile',
       native: false },
     { column: 10,
       file: 'module.js',
       function: 'Module._extensions..js',
       line: 653,
       method: '.js',
       native: false },
     { column: 32,
       file: 'module.js',
       function: 'Module.load',
       line: 561,
       method: 'load',
       native: false },
     { column: 12,
       file: 'module.js',
       function: 'tryModuleLoad',
       line: 504,
       method: null,
       native: false },
     { column: 3,
       file: 'module.js',
       function: 'Module._load',
       line: 496,
       method: '_load',
       native: false },
     { column: 17,
       file: 'module.js',
       function: 'Module.require',
       line: 586,
       method: 'require',
       native: false },
     { column: 18,
       file: 'internal/module.js',
       function: 'require',
       line: 11,
       method: null,
       native: false },
     { column: 29,
       file: 'D:\\code\\Github\\electron-template\\main.js',
       function: 'files.forEach',
       line: 86,
       method: 'forEach',
       native: false } ],
  timestamp: '19:34:44' }
{ message: 'test', level: 'error', timestamp: '19:23:14:2314' }
{ level: 'error',
  timestamp: '19:23:14:2314',
  message: 'Error passed as message',
  stack: 'Error: Error passed as message\n    at Object.<anonymous> (D:\\code\\Github\\electron-template\\main-process\\test-logger.js:67:21)\n    at Object.<anonymous> (D:\\code\\Github\\electron-template\\main-process\\test-logger.js:100:3)\n    at Module._compile (module.js:642:30)\n    at Object.Module._extensions..js (module.js:653:10)\n    at Module.load (module.js:561:32)\n    at tryModuleLoad (module.js:504:12)\n    at Function.Module._load (module.js:496:3)\n    at Module.require (module.js:586:17)\n    at require (internal/module.js:11:18)\n    at files.forEach (D:\\code\\Github\\electron-template\\main.js:85:29)' }
{ level: 'error',
  message: 'Important error: Error passed as meta',
  stack: 'Error: Error passed as meta\n    at Object.<anonymous> (D:\\code\\Github\\electron-template\\main-process\\test-logger.js:70:42)\n    at Object.<anonymous> (D:\\code\\Github\\electron-template\\main-process\\test-logger.js:100:3)\n    at Module._compile (module.js:642:30)\n    at Object.Module._extensions..js (module.js:653:10)\n    at Module.load (module.js:561:32)\n    at tryModuleLoad (module.js:504:12)\n    at Function.Module._load (module.js:496:3)\n    at Module.require (module.js:586:17)\n    at require (internal/module.js:11:18)\n    at files.forEach (D:\\code\\Github\\electron-template\\main.js:85:29)',
  timestamp: '19:23:14:2314' }
{ level: 'error',
  timestamp: '19:23:14:2314',
  message: 'Error as info',
  stack: 'Error: Error as info\n    at Object.<anonymous> (D:\\code\\Github\\electron-template\\main-process\\test-logger.js:72:14)\n    at Object.<anonymous> (D:\\code\\Github\\electron-template\\main-process\\test-logger.js:100:3)\n    at Module._compile (module.js:642:30)\n    at Object.Module._extensions..js (module.js:653:10)\n    at Module.load (module.js:561:32)\n    at tryModuleLoad (module.js:504:12)\n    at Function.Module._load (module.js:496:3)\n    at Module.require (module.js:586:17)\n    at require (internal/module.js:11:18)\n    at files.forEach (D:\\code\\Github\\electron-template\\main.js:85:29)' }
{ message: 'Error: Error as info',
  level: 'error',
  timestamp: '19:23:14:2314' }
{ message: 'test', level: 'error', timestamp: '19:24:49:2449' }
{ level: 'error',
  timestamp: '19:24:49:2449',
  message: 'Error passed as message',
  stack: 'Error: Error passed as message\n    at Object.<anonymous> (D:\\code\\Github\\electron-template\\main-process\\test-logger.js:67:21)\n    at Object.<anonymous> (D:\\code\\Github\\electron-template\\main-process\\test-logger.js:102:3)\n    at Module._compile (module.js:642:30)\n    at Object.Module._extensions..js (module.js:653:10)\n    at Module.load (module.js:561:32)\n    at tryModuleLoad (module.js:504:12)\n    at Function.Module._load (module.js:496:3)\n    at Module.require (module.js:586:17)\n    at require (internal/module.js:11:18)\n    at files.forEach (D:\\code\\Github\\electron-template\\main.js:85:29)' }
{ level: 'error',
  message: 'Important error: Error passed as meta',
  stack: 'Error: Error passed as meta\n    at Object.<anonymous> (D:\\code\\Github\\electron-template\\main-process\\test-logger.js:70:42)\n    at Object.<anonymous> (D:\\code\\Github\\electron-template\\main-process\\test-logger.js:102:3)\n    at Module._compile (module.js:642:30)\n    at Object.Module._extensions..js (module.js:653:10)\n    at Module.load (module.js:561:32)\n    at tryModuleLoad (module.js:504:12)\n    at Function.Module._load (module.js:496:3)\n    at Module.require (module.js:586:17)\n    at require (internal/module.js:11:18)\n    at files.forEach (D:\\code\\Github\\electron-template\\main.js:85:29)',
  timestamp: '19:24:49:2449' }
{ level: 'error',
  timestamp: '19:24:49:2449',
  message: 'Error as info',
  stack: 'Error: Error as info\n    at Object.<anonymous> (D:\\code\\Github\\electron-template\\main-process\\test-logger.js:72:14)\n    at Object.<anonymous> (D:\\code\\Github\\electron-template\\main-process\\test-logger.js:102:3)\n    at Module._compile (module.js:642:30)\n    at Object.Module._extensions..js (module.js:653:10)\n    at Module.load (module.js:561:32)\n    at tryModuleLoad (module.js:504:12)\n    at Function.Module._load (module.js:496:3)\n    at Module.require (module.js:586:17)\n    at require (internal/module.js:11:18)\n    at files.forEach (D:\\code\\Github\\electron-template\\main.js:85:29)' }
{ message: 'Error: Error as info',
  level: 'error',
  timestamp: '19:24:49:2449' }
{ message: 'test', level: 'error', timestamp: '19:25:37:2537' }
{ level: 'error',
  timestamp: '19:25:37:2537',
  message: 'Error passed as message',
  stack: 'Error: Error passed as message\n    at Object.<anonymous> (D:\\code\\Github\\electron-template\\main-process\\test-logger.js:67:21)\n    at Object.<anonymous> (D:\\code\\Github\\electron-template\\main-process\\test-logger.js:103:3)\n    at Module._compile (module.js:642:30)\n    at Object.Module._extensions..js (module.js:653:10)\n    at Module.load (module.js:561:32)\n    at tryModuleLoad (module.js:504:12)\n    at Function.Module._load (module.js:496:3)\n    at Module.require (module.js:586:17)\n    at require (internal/module.js:11:18)\n    at files.forEach (D:\\code\\Github\\electron-template\\main.js:85:29)' }
{ level: 'error',
  message: 'Important error: Error passed as meta',
  stack: 'Error: Error passed as meta\n    at Object.<anonymous> (D:\\code\\Github\\electron-template\\main-process\\test-logger.js:70:42)\n    at Object.<anonymous> (D:\\code\\Github\\electron-template\\main-process\\test-logger.js:103:3)\n    at Module._compile (module.js:642:30)\n    at Object.Module._extensions..js (module.js:653:10)\n    at Module.load (module.js:561:32)\n    at tryModuleLoad (module.js:504:12)\n    at Function.Module._load (module.js:496:3)\n    at Module.require (module.js:586:17)\n    at require (internal/module.js:11:18)\n    at files.forEach (D:\\code\\Github\\electron-template\\main.js:85:29)',
  timestamp: '19:25:37:2537' }
{ level: 'error',
  timestamp: '19:25:37:2537',
  message: 'Error as info',
  stack: 'Error: Error as info\n    at Object.<anonymous> (D:\\code\\Github\\electron-template\\main-process\\test-logger.js:72:14)\n    at Object.<anonymous> (D:\\code\\Github\\electron-template\\main-process\\test-logger.js:103:3)\n    at Module._compile (module.js:642:30)\n    at Object.Module._extensions..js (module.js:653:10)\n    at Module.load (module.js:561:32)\n    at tryModuleLoad (module.js:504:12)\n    at Function.Module._load (module.js:496:3)\n    at Module.require (module.js:586:17)\n    at require (internal/module.js:11:18)\n    at files.forEach (D:\\code\\Github\\electron-template\\main.js:85:29)' }
{ message: 'Error: Error as info',
  level: 'error',
  timestamp: '19:25:37:2537' }
{ error: ReferenceError: level is not defined
    at Object.<anonymous> (D:\code\Github\electron-template\main-process\test-logger.js:96:20)
    at Object.<anonymous> (D:\code\Github\electron-template\main-process\test-logger.js:103:3)
    at Module._compile (module.js:642:30)
    at Object.Module._extensions..js (module.js:653:10)
    at Module.load (module.js:561:32)
    at tryModuleLoad (module.js:504:12)
    at Function.Module._load (module.js:496:3)
    at Module.require (module.js:586:17)
    at require (internal/module.js:11:18)
    at files.forEach (D:\code\Github\electron-template\main.js:85:29),
  level: 'error',
  message: 'uncaughtException: level is not defined\nReferenceError: level is not defined\n    at Object.<anonymous> (D:\\code\\Github\\electron-template\\main-process\\test-logger.js:96:20)\n    at Object.<anonymous> (D:\\code\\Github\\electron-template\\main-process\\test-logger.js:103:3)\n    at Module._compile (module.js:642:30)\n    at Object.Module._extensions..js (module.js:653:10)\n    at Module.load (module.js:561:32)\n    at tryModuleLoad (module.js:504:12)\n    at Function.Module._load (module.js:496:3)\n    at Module.require (module.js:586:17)\n    at require (internal/module.js:11:18)\n    at files.forEach (D:\\code\\Github\\electron-template\\main.js:85:29)',
  stack: 'ReferenceError: level is not defined\n    at Object.<anonymous> (D:\\code\\Github\\electron-template\\main-process\\test-logger.js:96:20)\n    at Object.<anonymous> (D:\\code\\Github\\electron-template\\main-process\\test-logger.js:103:3)\n    at Module._compile (module.js:642:30)\n    at Object.Module._extensions..js (module.js:653:10)\n    at Module.load (module.js:561:32)\n    at tryModuleLoad (module.js:504:12)\n    at Function.Module._load (module.js:496:3)\n    at Module.require (module.js:586:17)\n    at require (internal/module.js:11:18)\n    at files.forEach (D:\\code\\Github\\electron-template\\main.js:85:29)',
  exception: true,
  date: 'Sun Apr 07 2019 19:25:37 GMT+0200 (Paris, Madrid (heure d’été))',
  process: 
   { pid: 836,
     uid: null,
     gid: null,
     cwd: 'D:\\code\\Github\\electron-template',
     execPath: 'D:\\code\\Github\\electron-template\\node_modules\\electron\\dist\\electron.exe',
     version: 'v8.9.3',
     argv: 
      [ 'D:\\code\\Github\\electron-template\\node_modules\\electron\\dist\\electron.exe',
        '.' ],
     memoryUsage: 
      { rss: 43347968,
        heapTotal: 18771968,
        heapUsed: 12148456,
        external: 138951 } },
  os: { loadavg: [ 0, 0, 0 ], uptime: 173329.1378925 },
  trace: 
   [ { column: 20,
       file: 'D:\\code\\Github\\electron-template\\main-process\\test-logger.js',
       function: null,
       line: 96,
       method: null,
       native: false },
     { column: 3,
       file: 'D:\\code\\Github\\electron-template\\main-process\\test-logger.js',
       function: null,
       line: 103,
       method: null,
       native: false },
     { column: 30,
       file: 'module.js',
       function: 'Module._compile',
       line: 642,
       method: '_compile',
       native: false },
     { column: 10,
       file: 'module.js',
       function: 'Module._extensions..js',
       line: 653,
       method: '.js',
       native: false },
     { column: 32,
       file: 'module.js',
       function: 'Module.load',
       line: 561,
       method: 'load',
       native: false },
     { column: 12,
       file: 'module.js',
       function: 'tryModuleLoad',
       line: 504,
       method: null,
       native: false },
     { column: 3,
       file: 'module.js',
       function: 'Module._load',
       line: 496,
       method: '_load',
       native: false },
     { column: 17,
       file: 'module.js',
       function: 'Module.require',
       line: 586,
       method: 'require',
       native: false },
     { column: 18,
       file: 'internal/module.js',
       function: 'require',
       line: 11,
       method: null,
       native: false },
     { column: 29,
       file: 'D:\\code\\Github\\electron-template\\main.js',
       function: 'files.forEach',
       line: 85,
       method: 'forEach',
       native: false } ],
  timestamp: '19:25:37:2537' }
{ error: TypeError: colors[Colorizer.allColors[lookup][i]] is not a function
    at Colorizer.colorize (D:\code\Github\electron-template\node_modules\logform\colorize.js:81:55)
    at Colorizer.transform (D:\code\Github\electron-template\node_modules\logform\colorize.js:98:25)
    at Format.info [as transform] (D:\code\Github\electron-template\node_modules\logform\combine.js:20:24)
    at Console._write (D:\code\Github\electron-template\node_modules\winston-transport\index.js:90:33)
    at doWrite (D:\code\Github\electron-template\node_modules\winston-transport\node_modules\readable-stream\lib\_stream_writable.js:428:64)
    at writeOrBuffer (D:\code\Github\electron-template\node_modules\winston-transport\node_modules\readable-stream\lib\_stream_writable.js:417:5)
    at Console.Writable.write (D:\code\Github\electron-template\node_modules\winston-transport\node_modules\readable-stream\lib\_stream_writable.js:334:11)
    at DerivedLogger.ondata (D:\code\Github\electron-template\node_modules\winston\node_modules\readable-stream\lib\_stream_readable.js:662:20)
    at emitOne (events.js:121:20)
    at DerivedLogger.emit (events.js:211:7),
  level: 'error',
  message: 'uncaughtException: colors[Colorizer.allColors[lookup][i]] is not a function\nTypeError: colors[Colorizer.allColors[lookup][i]] is not a function\n    at Colorizer.colorize (D:\\code\\Github\\electron-template\\node_modules\\logform\\colorize.js:81:55)\n    at Colorizer.transform (D:\\code\\Github\\electron-template\\node_modules\\logform\\colorize.js:98:25)\n    at Format.info [as transform] (D:\\code\\Github\\electron-template\\node_modules\\logform\\combine.js:20:24)\n    at Console._write (D:\\code\\Github\\electron-template\\node_modules\\winston-transport\\index.js:90:33)\n    at doWrite (D:\\code\\Github\\electron-template\\node_modules\\winston-transport\\node_modules\\readable-stream\\lib\\_stream_writable.js:428:64)\n    at writeOrBuffer (D:\\code\\Github\\electron-template\\node_modules\\winston-transport\\node_modules\\readable-stream\\lib\\_stream_writable.js:417:5)\n    at Console.Writable.write (D:\\code\\Github\\electron-template\\node_modules\\winston-transport\\node_modules\\readable-stream\\lib\\_stream_writable.js:334:11)\n    at DerivedLogger.ondata (D:\\code\\Github\\electron-template\\node_modules\\winston\\node_modules\\readable-stream\\lib\\_stream_readable.js:662:20)\n    at emitOne (events.js:121:20)\n    at DerivedLogger.emit (events.js:211:7)',
  stack: 'TypeError: colors[Colorizer.allColors[lookup][i]] is not a function\n    at Colorizer.colorize (D:\\code\\Github\\electron-template\\node_modules\\logform\\colorize.js:81:55)\n    at Colorizer.transform (D:\\code\\Github\\electron-template\\node_modules\\logform\\colorize.js:98:25)\n    at Format.info [as transform] (D:\\code\\Github\\electron-template\\node_modules\\logform\\combine.js:20:24)\n    at Console._write (D:\\code\\Github\\electron-template\\node_modules\\winston-transport\\index.js:90:33)\n    at doWrite (D:\\code\\Github\\electron-template\\node_modules\\winston-transport\\node_modules\\readable-stream\\lib\\_stream_writable.js:428:64)\n    at writeOrBuffer (D:\\code\\Github\\electron-template\\node_modules\\winston-transport\\node_modules\\readable-stream\\lib\\_stream_writable.js:417:5)\n    at Console.Writable.write (D:\\code\\Github\\electron-template\\node_modules\\winston-transport\\node_modules\\readable-stream\\lib\\_stream_writable.js:334:11)\n    at DerivedLogger.ondata (D:\\code\\Github\\electron-template\\node_modules\\winston\\node_modules\\readable-stream\\lib\\_stream_readable.js:662:20)\n    at emitOne (events.js:121:20)\n    at DerivedLogger.emit (events.js:211:7)',
  exception: true,
  date: 'Sun Apr 07 2019 19:42:11 GMT+0200 (Paris, Madrid (heure d’été))',
  process: 
   { pid: 6972,
     uid: null,
     gid: null,
     cwd: 'D:\\code\\Github\\electron-template',
     execPath: 'D:\\code\\Github\\electron-template\\node_modules\\electron\\dist\\electron.exe',
     version: 'v8.9.3',
     argv: 
      [ 'D:\\code\\Github\\electron-template\\node_modules\\electron\\dist\\electron.exe',
        '.' ],
     memoryUsage: 
      { rss: 41304064,
        heapTotal: 18771968,
        heapUsed: 11001664,
        external: 114375 } },
  os: { loadavg: [ 0, 0, 0 ], uptime: 174323.0003342 },
  trace: 
   [ { column: 55,
       file: 'D:\\code\\Github\\electron-template\\node_modules\\logform\\colorize.js',
       function: 'Colorizer.colorize',
       line: 81,
       method: 'colorize',
       native: false },
     { column: 25,
       file: 'D:\\code\\Github\\electron-template\\node_modules\\logform\\colorize.js',
       function: 'Colorizer.transform',
       line: 98,
       method: 'transform',
       native: false },
     { column: 24,
       file: 'D:\\code\\Github\\electron-template\\node_modules\\logform\\combine.js',
       function: 'Format.info [as transform]',
       line: 20,
       method: 'info [as transform]',
       native: false },
     { column: 33,
       file: 'D:\\code\\Github\\electron-template\\node_modules\\winston-transport\\index.js',
       function: 'Console._write',
       line: 90,
       method: '_write',
       native: false },
     { column: 64,
       file: 'D:\\code\\Github\\electron-template\\node_modules\\winston-transport\\node_modules\\readable-stream\\lib\\_stream_writable.js',
       function: 'doWrite',
       line: 428,
       method: null,
       native: false },
     { column: 5,
       file: 'D:\\code\\Github\\electron-template\\node_modules\\winston-transport\\node_modules\\readable-stream\\lib\\_stream_writable.js',
       function: 'writeOrBuffer',
       line: 417,
       method: null,
       native: false },
     { column: 11,
       file: 'D:\\code\\Github\\electron-template\\node_modules\\winston-transport\\node_modules\\readable-stream\\lib\\_stream_writable.js',
       function: 'Console.Writable.write',
       line: 334,
       method: 'write',
       native: false },
     { column: 20,
       file: 'D:\\code\\Github\\electron-template\\node_modules\\winston\\node_modules\\readable-stream\\lib\\_stream_readable.js',
       function: 'DerivedLogger.ondata',
       line: 662,
       method: 'ondata',
       native: false },
     { column: 20,
       file: 'events.js',
       function: 'emitOne',
       line: 121,
       method: null,
       native: false },
     { column: 7,
       file: 'events.js',
       function: 'DerivedLogger.emit',
       line: 211,
       method: 'emit',
       native: false } ],
  timestamp: '2019-04-07 19:42:11:434' }
{ error: TypeError: Cannot read property 'red' of undefined
    at Object.<anonymous> (D:\code\Github\electron-template\logger.js:90:46)
    at Object.<anonymous> (D:\code\Github\electron-template\logger.js:95:3)
    at Module._compile (module.js:642:30)
    at Object.Module._extensions..js (module.js:653:10)
    at Module.load (module.js:561:32)
    at tryModuleLoad (module.js:504:12)
    at Function.Module._load (module.js:496:3)
    at Module.require (module.js:586:17)
    at require (internal/module.js:11:18)
    at Object.<anonymous> (D:\code\Github\electron-template\main.js:4:16),
  level: 'error',
  message: 'uncaughtException: Cannot read property \'red\' of undefined\nTypeError: Cannot read property \'red\' of undefined\n    at Object.<anonymous> (D:\\code\\Github\\electron-template\\logger.js:90:46)\n    at Object.<anonymous> (D:\\code\\Github\\electron-template\\logger.js:95:3)\n    at Module._compile (module.js:642:30)\n    at Object.Module._extensions..js (module.js:653:10)\n    at Module.load (module.js:561:32)\n    at tryModuleLoad (module.js:504:12)\n    at Function.Module._load (module.js:496:3)\n    at Module.require (module.js:586:17)\n    at require (internal/module.js:11:18)\n    at Object.<anonymous> (D:\\code\\Github\\electron-template\\main.js:4:16)',
  stack: 'TypeError: Cannot read property \'red\' of undefined\n    at Object.<anonymous> (D:\\code\\Github\\electron-template\\logger.js:90:46)\n    at Object.<anonymous> (D:\\code\\Github\\electron-template\\logger.js:95:3)\n    at Module._compile (module.js:642:30)\n    at Object.Module._extensions..js (module.js:653:10)\n    at Module.load (module.js:561:32)\n    at tryModuleLoad (module.js:504:12)\n    at Function.Module._load (module.js:496:3)\n    at Module.require (module.js:586:17)\n    at require (internal/module.js:11:18)\n    at Object.<anonymous> (D:\\code\\Github\\electron-template\\main.js:4:16)',
  exception: true,
  date: 'Tue Apr 09 2019 00:09:23 GMT+0200 (Paris, Madrid (heure d’été))',
  process: 
   { pid: 13884,
     uid: null,
     gid: null,
     cwd: 'D:\\code\\Github\\electron-template',
     execPath: 'D:\\code\\Github\\electron-template\\node_modules\\electron\\dist\\electron.exe',
     version: 'v8.9.3',
     argv: 
      [ 'D:\\code\\Github\\electron-template\\node_modules\\electron\\dist\\electron.exe',
        '.' ],
     memoryUsage: 
      { rss: 41984000,
        heapTotal: 18771968,
        heapUsed: 11028056,
        external: 114375 } },
  os: { loadavg: [ 0, 0, 0 ], uptime: 44285.3866631 },
  trace: 
   [ { column: 46,
       file: 'D:\\code\\Github\\electron-template\\logger.js',
       function: null,
       line: 90,
       method: null,
       native: false },
     { column: 3,
       file: 'D:\\code\\Github\\electron-template\\logger.js',
       function: null,
       line: 95,
       method: null,
       native: false },
     { column: 30,
       file: 'module.js',
       function: 'Module._compile',
       line: 642,
       method: '_compile',
       native: false },
     { column: 10,
       file: 'module.js',
       function: 'Module._extensions..js',
       line: 653,
       method: '.js',
       native: false },
     { column: 32,
       file: 'module.js',
       function: 'Module.load',
       line: 561,
       method: 'load',
       native: false },
     { column: 12,
       file: 'module.js',
       function: 'tryModuleLoad',
       line: 504,
       method: null,
       native: false },
     { column: 3,
       file: 'module.js',
       function: 'Module._load',
       line: 496,
       method: '_load',
       native: false },
     { column: 17,
       file: 'module.js',
       function: 'Module.require',
       line: 586,
       method: 'require',
       native: false },
     { column: 18,
       file: 'internal/module.js',
       function: 'require',
       line: 11,
       method: null,
       native: false },
     { column: 16,
       file: 'D:\\code\\Github\\electron-template\\main.js',
       function: null,
       line: 4,
       method: null,
       native: false } ],
  timestamp: '2019-04-09 00:09:23.890' }
{ error: { Error: Cannot find module 'robotjs'
    at Module._resolveFilename (module.js:543:15)
    at Function.Module._resolveFilename (D:\code\Github\electron-template\node_modules\electron\dist\resources\electron.asar\common\reset-search-paths.js:35:12)
    at Function.Module._load (module.js:473:25)
    at Module.require (module.js:586:17)
    at require (internal/module.js:11:18)
    at Object.<anonymous> (D:\code\Github\electron-template\main-process\test.js:2:13)
    at Object.<anonymous> (D:\code\Github\electron-template\main-process\test.js:17:3)
    at Module._compile (module.js:642:30)
    at Object.Module._extensions..js (module.js:653:10)
    at Module.load (module.js:561:32) code: 'MODULE_NOT_FOUND' },
  level: 'error',
  message: 'uncaughtException: Cannot find module \'robotjs\'\nError: Cannot find module \'robotjs\'\n    at Module._resolveFilename (module.js:543:15)\n    at Function.Module._resolveFilename (D:\\code\\Github\\electron-template\\node_modules\\electron\\dist\\resources\\electron.asar\\common\\reset-search-paths.js:35:12)\n    at Function.Module._load (module.js:473:25)\n    at Module.require (module.js:586:17)\n    at require (internal/module.js:11:18)\n    at Object.<anonymous> (D:\\code\\Github\\electron-template\\main-process\\test.js:2:13)\n    at Object.<anonymous> (D:\\code\\Github\\electron-template\\main-process\\test.js:17:3)\n    at Module._compile (module.js:642:30)\n    at Object.Module._extensions..js (module.js:653:10)\n    at Module.load (module.js:561:32)',
  stack: 'Error: Cannot find module \'robotjs\'\n    at Module._resolveFilename (module.js:543:15)\n    at Function.Module._resolveFilename (D:\\code\\Github\\electron-template\\node_modules\\electron\\dist\\resources\\electron.asar\\common\\reset-search-paths.js:35:12)\n    at Function.Module._load (module.js:473:25)\n    at Module.require (module.js:586:17)\n    at require (internal/module.js:11:18)\n    at Object.<anonymous> (D:\\code\\Github\\electron-template\\main-process\\test.js:2:13)\n    at Object.<anonymous> (D:\\code\\Github\\electron-template\\main-process\\test.js:17:3)\n    at Module._compile (module.js:642:30)\n    at Object.Module._extensions..js (module.js:653:10)\n    at Module.load (module.js:561:32)',
  exception: true,
  date: 'Tue Apr 09 2019 00:09:58 GMT+0200 (Paris, Madrid (heure d’été))',
  process: 
   { pid: 14632,
     uid: null,
     gid: null,
     cwd: 'D:\\code\\Github\\electron-template',
     execPath: 'D:\\code\\Github\\electron-template\\node_modules\\electron\\dist\\electron.exe',
     version: 'v8.9.3',
     argv: 
      [ 'D:\\code\\Github\\electron-template\\node_modules\\electron\\dist\\electron.exe',
        '.' ],
     memoryUsage: 
      { rss: 42426368,
        heapTotal: 18771968,
        heapUsed: 11245280,
        external: 114375 } },
  os: { loadavg: [ 0, 0, 0 ], uptime: 44320.1387559 },
  trace: 
   [ { column: 15,
       file: 'module.js',
       function: 'Module._resolveFilename',
       line: 543,
       method: '_resolveFilename',
       native: false },
     { column: 12,
       file: 'D:\\code\\Github\\electron-template\\node_modules\\electron\\dist\\resources\\electron.asar\\common\\reset-search-paths.js',
       function: 'Module._resolveFilename',
       line: 35,
       method: '_resolveFilename',
       native: false },
     { column: 25,
       file: 'module.js',
       function: 'Module._load',
       line: 473,
       method: '_load',
       native: false },
     { column: 17,
       file: 'module.js',
       function: 'Module.require',
       line: 586,
       method: 'require',
       native: false },
     { column: 18,
       file: 'internal/module.js',
       function: 'require',
       line: 11,
       method: null,
       native: false },
     { column: 13,
       file: 'D:\\code\\Github\\electron-template\\main-process\\test.js',
       function: null,
       line: 2,
       method: null,
       native: false },
     { column: 3,
       file: 'D:\\code\\Github\\electron-template\\main-process\\test.js',
       function: null,
       line: 17,
       method: null,
       native: false },
     { column: 30,
       file: 'module.js',
       function: 'Module._compile',
       line: 642,
       method: '_compile',
       native: false },
     { column: 10,
       file: 'module.js',
       function: 'Module._extensions..js',
       line: 653,
       method: '.js',
       native: false },
     { column: 32,
       file: 'module.js',
       function: 'Module.load',
       line: 561,
       method: 'load',
       native: false } ],
  timestamp: '2019-04-09 00:09:58.645' }
{ message: 'test',
  level: 'error',
  timestamp: '2019-04-09 00:27:29.300' }
{ level: 'error',
  timestamp: '2019-04-09 00:27:29.338',
  message: 'Error passed as message',
  stack: 'Error: Error passed as message\n    at Object.<anonymous> (D:\\code\\Github\\electron-template\\main-process\\test-logger.js:67:21)\n    at Object.<anonymous> (D:\\code\\Github\\electron-template\\main-process\\test-logger.js:92:3)\n    at Module._compile (module.js:642:30)\n    at Object.Module._extensions..js (module.js:653:10)\n    at Module.load (module.js:561:32)\n    at tryModuleLoad (module.js:504:12)\n    at Function.Module._load (module.js:496:3)\n    at Module.require (module.js:586:17)\n    at require (internal/module.js:11:18)\n    at files.forEach (D:\\code\\Github\\electron-template\\main.js:85:29)' }
{ level: 'error',
  message: 'Important error: Error passed as meta',
  stack: 'Error: Error passed as meta\n    at Object.<anonymous> (D:\\code\\Github\\electron-template\\main-process\\test-logger.js:70:42)\n    at Object.<anonymous> (D:\\code\\Github\\electron-template\\main-process\\test-logger.js:92:3)\n    at Module._compile (module.js:642:30)\n    at Object.Module._extensions..js (module.js:653:10)\n    at Module.load (module.js:561:32)\n    at tryModuleLoad (module.js:504:12)\n    at Function.Module._load (module.js:496:3)\n    at Module.require (module.js:586:17)\n    at require (internal/module.js:11:18)\n    at files.forEach (D:\\code\\Github\\electron-template\\main.js:85:29)',
  timestamp: '2019-04-09 00:27:29.340' }
{ level: 'error',
  timestamp: '2019-04-09 00:27:29.341',
  message: 'Error as info',
  stack: 'Error: Error as info\n    at Object.<anonymous> (D:\\code\\Github\\electron-template\\main-process\\test-logger.js:72:14)\n    at Object.<anonymous> (D:\\code\\Github\\electron-template\\main-process\\test-logger.js:92:3)\n    at Module._compile (module.js:642:30)\n    at Object.Module._extensions..js (module.js:653:10)\n    at Module.load (module.js:561:32)\n    at tryModuleLoad (module.js:504:12)\n    at Function.Module._load (module.js:496:3)\n    at Module.require (module.js:586:17)\n    at require (internal/module.js:11:18)\n    at files.forEach (D:\\code\\Github\\electron-template\\main.js:85:29)' }
{ message: 'Error: Error as info',
  level: 'error',
  timestamp: '2019-04-09 00:27:29.342' }
{ error: Error: Hello, winston!
    at Object.<anonymous> (D:\code\Github\electron-template\main-process\test-logger.js:91:7)
    at Object.<anonymous> (D:\code\Github\electron-template\main-process\test-logger.js:92:3)
    at Module._compile (module.js:642:30)
    at Object.Module._extensions..js (module.js:653:10)
    at Module.load (module.js:561:32)
    at tryModuleLoad (module.js:504:12)
    at Function.Module._load (module.js:496:3)
    at Module.require (module.js:586:17)
    at require (internal/module.js:11:18)
    at files.forEach (D:\code\Github\electron-template\main.js:85:29),
  level: 'error',
  message: 'uncaughtException: Hello, winston!\nError: Hello, winston!\n    at Object.<anonymous> (D:\\code\\Github\\electron-template\\main-process\\test-logger.js:91:7)\n    at Object.<anonymous> (D:\\code\\Github\\electron-template\\main-process\\test-logger.js:92:3)\n    at Module._compile (module.js:642:30)\n    at Object.Module._extensions..js (module.js:653:10)\n    at Module.load (module.js:561:32)\n    at tryModuleLoad (module.js:504:12)\n    at Function.Module._load (module.js:496:3)\n    at Module.require (module.js:586:17)\n    at require (internal/module.js:11:18)\n    at files.forEach (D:\\code\\Github\\electron-template\\main.js:85:29)',
  stack: 'Error: Hello, winston!\n    at Object.<anonymous> (D:\\code\\Github\\electron-template\\main-process\\test-logger.js:91:7)\n    at Object.<anonymous> (D:\\code\\Github\\electron-template\\main-process\\test-logger.js:92:3)\n    at Module._compile (module.js:642:30)\n    at Object.Module._extensions..js (module.js:653:10)\n    at Module.load (module.js:561:32)\n    at tryModuleLoad (module.js:504:12)\n    at Function.Module._load (module.js:496:3)\n    at Module.require (module.js:586:17)\n    at require (internal/module.js:11:18)\n    at files.forEach (D:\\code\\Github\\electron-template\\main.js:85:29)',
  exception: true,
  date: 'Tue Apr 09 2019 00:27:29 GMT+0200 (Paris, Madrid (heure d’été))',
  process: 
   { pid: 4368,
     uid: null,
     gid: null,
     cwd: 'D:\\code\\Github\\electron-template',
     execPath: 'D:\\code\\Github\\electron-template\\node_modules\\electron\\dist\\electron.exe',
     version: 'v8.9.3',
     argv: 
      [ 'D:\\code\\Github\\electron-template\\node_modules\\electron\\dist\\electron.exe',
        '.' ],
     memoryUsage: 
      { rss: 42991616,
        heapTotal: 18771968,
        heapUsed: 11851488,
        external: 130759 } },
  os: { loadavg: [ 0, 0, 0 ], uptime: 45370.9599834 },
  trace: 
   [ { column: 7,
       file: 'D:\\code\\Github\\electron-template\\main-process\\test-logger.js',
       function: null,
       line: 91,
       method: null,
       native: false },
     { column: 3,
       file: 'D:\\code\\Github\\electron-template\\main-process\\test-logger.js',
       function: null,
       line: 92,
       method: null,
       native: false },
     { column: 30,
       file: 'module.js',
       function: 'Module._compile',
       line: 642,
       method: '_compile',
       native: false },
     { column: 10,
       file: 'module.js',
       function: 'Module._extensions..js',
       line: 653,
       method: '.js',
       native: false },
     { column: 32,
       file: 'module.js',
       function: 'Module.load',
       line: 561,
       method: 'load',
       native: false },
     { column: 12,
       file: 'module.js',
       function: 'tryModuleLoad',
       line: 504,
       method: null,
       native: false },
     { column: 3,
       file: 'module.js',
       function: 'Module._load',
       line: 496,
       method: '_load',
       native: false },
     { column: 17,
       file: 'module.js',
       function: 'Module.require',
       line: 586,
       method: 'require',
       native: false },
     { column: 18,
       file: 'internal/module.js',
       function: 'require',
       line: 11,
       method: null,
       native: false },
     { column: 29,
       file: 'D:\\code\\Github\\electron-template\\main.js',
       function: 'files.forEach',
       line: 85,
       method: 'forEach',
       native: false } ],
  timestamp: '2019-04-09 00:27:29.466' }
{ message: 'test',
  level: 'error',
  timestamp: '2019-04-09 00:28:20.253' }
{ level: 'error',
  timestamp: '2019-04-09 00:28:20.271',
  message: 'Error passed as message',
  stack: 'Error: Error passed as message\n    at Object.<anonymous> (D:\\code\\Github\\electron-template\\main-process\\test-logger.js:67:21)\n    at Object.<anonymous> (D:\\code\\Github\\electron-template\\main-process\\test-logger.js:92:3)\n    at Module._compile (module.js:642:30)\n    at Object.Module._extensions..js (module.js:653:10)\n    at Module.load (module.js:561:32)\n    at tryModuleLoad (module.js:504:12)\n    at Function.Module._load (module.js:496:3)\n    at Module.require (module.js:586:17)\n    at require (internal/module.js:11:18)\n    at files.forEach (D:\\code\\Github\\electron-template\\main.js:85:29)' }
{ level: 'error',
  message: 'Important error: Error passed as meta',
  stack: 'Error: Error passed as meta\n    at Object.<anonymous> (D:\\code\\Github\\electron-template\\main-process\\test-logger.js:70:42)\n    at Object.<anonymous> (D:\\code\\Github\\electron-template\\main-process\\test-logger.js:92:3)\n    at Module._compile (module.js:642:30)\n    at Object.Module._extensions..js (module.js:653:10)\n    at Module.load (module.js:561:32)\n    at tryModuleLoad (module.js:504:12)\n    at Function.Module._load (module.js:496:3)\n    at Module.require (module.js:586:17)\n    at require (internal/module.js:11:18)\n    at files.forEach (D:\\code\\Github\\electron-template\\main.js:85:29)',
  timestamp: '2019-04-09 00:28:20.273' }
{ level: 'error',
  timestamp: '2019-04-09 00:28:20.274',
  message: 'Error as info',
  stack: 'Error: Error as info\n    at Object.<anonymous> (D:\\code\\Github\\electron-template\\main-process\\test-logger.js:72:14)\n    at Object.<anonymous> (D:\\code\\Github\\electron-template\\main-process\\test-logger.js:92:3)\n    at Module._compile (module.js:642:30)\n    at Object.Module._extensions..js (module.js:653:10)\n    at Module.load (module.js:561:32)\n    at tryModuleLoad (module.js:504:12)\n    at Function.Module._load (module.js:496:3)\n    at Module.require (module.js:586:17)\n    at require (internal/module.js:11:18)\n    at files.forEach (D:\\code\\Github\\electron-template\\main.js:85:29)' }
{ message: 'Error: Error as info',
  level: 'error',
  timestamp: '2019-04-09 00:28:20.275' }
{ error: Error: Hello, winston!
    at Object.<anonymous> (D:\code\Github\electron-template\main-process\test-logger.js:91:7)
    at Object.<anonymous> (D:\code\Github\electron-template\main-process\test-logger.js:92:3)
    at Module._compile (module.js:642:30)
    at Object.Module._extensions..js (module.js:653:10)
    at Module.load (module.js:561:32)
    at tryModuleLoad (module.js:504:12)
    at Function.Module._load (module.js:496:3)
    at Module.require (module.js:586:17)
    at require (internal/module.js:11:18)
    at files.forEach (D:\code\Github\electron-template\main.js:85:29),
  level: 'error',
  message: 'uncaughtException: Hello, winston!\nError: Hello, winston!\n    at Object.<anonymous> (D:\\code\\Github\\electron-template\\main-process\\test-logger.js:91:7)\n    at Object.<anonymous> (D:\\code\\Github\\electron-template\\main-process\\test-logger.js:92:3)\n    at Module._compile (module.js:642:30)\n    at Object.Module._extensions..js (module.js:653:10)\n    at Module.load (module.js:561:32)\n    at tryModuleLoad (module.js:504:12)\n    at Function.Module._load (module.js:496:3)\n    at Module.require (module.js:586:17)\n    at require (internal/module.js:11:18)\n    at files.forEach (D:\\code\\Github\\electron-template\\main.js:85:29)',
  stack: 'Error: Hello, winston!\n    at Object.<anonymous> (D:\\code\\Github\\electron-template\\main-process\\test-logger.js:91:7)\n    at Object.<anonymous> (D:\\code\\Github\\electron-template\\main-process\\test-logger.js:92:3)\n    at Module._compile (module.js:642:30)\n    at Object.Module._extensions..js (module.js:653:10)\n    at Module.load (module.js:561:32)\n    at tryModuleLoad (module.js:504:12)\n    at Function.Module._load (module.js:496:3)\n    at Module.require (module.js:586:17)\n    at require (internal/module.js:11:18)\n    at files.forEach (D:\\code\\Github\\electron-template\\main.js:85:29)',
  exception: true,
  date: 'Tue Apr 09 2019 00:28:20 GMT+0200 (Paris, Madrid (heure d’été))',
  process: 
   { pid: 7860,
     uid: null,
     gid: null,
     cwd: 'D:\\code\\Github\\electron-template',
     execPath: 'D:\\code\\Github\\electron-template\\node_modules\\electron\\dist\\electron.exe',
     version: 'v8.9.3',
     argv: 
      [ 'D:\\code\\Github\\electron-template\\node_modules\\electron\\dist\\electron.exe',
        '.' ],
     memoryUsage: 
      { rss: 42975232,
        heapTotal: 18771968,
        heapUsed: 11850424,
        external: 130759 } },
  os: { loadavg: [ 0, 0, 0 ], uptime: 45421.856826 },
  trace: 
   [ { column: 7,
       file: 'D:\\code\\Github\\electron-template\\main-process\\test-logger.js',
       function: null,
       line: 91,
       method: null,
       native: false },
     { column: 3,
       file: 'D:\\code\\Github\\electron-template\\main-process\\test-logger.js',
       function: null,
       line: 92,
       method: null,
       native: false },
     { column: 30,
       file: 'module.js',
       function: 'Module._compile',
       line: 642,
       method: '_compile',
       native: false },
     { column: 10,
       file: 'module.js',
       function: 'Module._extensions..js',
       line: 653,
       method: '.js',
       native: false },
     { column: 32,
       file: 'module.js',
       function: 'Module.load',
       line: 561,
       method: 'load',
       native: false },
     { column: 12,
       file: 'module.js',
       function: 'tryModuleLoad',
       line: 504,
       method: null,
       native: false },
     { column: 3,
       file: 'module.js',
       function: 'Module._load',
       line: 496,
       method: '_load',
       native: false },
     { column: 17,
       file: 'module.js',
       function: 'Module.require',
       line: 586,
       method: 'require',
       native: false },
     { column: 18,
       file: 'internal/module.js',
       function: 'require',
       line: 11,
       method: null,
       native: false },
     { column: 29,
       file: 'D:\\code\\Github\\electron-template\\main.js',
       function: 'files.forEach',
       line: 85,
       method: 'forEach',
       native: false } ],
  timestamp: '2019-04-09 00:28:20.368' }
{ message: 'test',
  level: 'error',
  timestamp: '2019-04-09 00:28:37.806' }
{ level: 'error',
  timestamp: '2019-04-09 00:28:37.823',
  message: 'Error passed as message',
  stack: 'Error: Error passed as message\n    at Object.<anonymous> (D:\\code\\Github\\electron-template\\main-process\\test-logger.js:67:21)\n    at Object.<anonymous> (D:\\code\\Github\\electron-template\\main-process\\test-logger.js:92:3)\n    at Module._compile (module.js:642:30)\n    at Object.Module._extensions..js (module.js:653:10)\n    at Module.load (module.js:561:32)\n    at tryModuleLoad (module.js:504:12)\n    at Function.Module._load (module.js:496:3)\n    at Module.require (module.js:586:17)\n    at require (internal/module.js:11:18)\n    at files.forEach (D:\\code\\Github\\electron-template\\main.js:85:29)' }
{ level: 'error',
  message: 'Important error: Error passed as meta',
  stack: 'Error: Error passed as meta\n    at Object.<anonymous> (D:\\code\\Github\\electron-template\\main-process\\test-logger.js:70:42)\n    at Object.<anonymous> (D:\\code\\Github\\electron-template\\main-process\\test-logger.js:92:3)\n    at Module._compile (module.js:642:30)\n    at Object.Module._extensions..js (module.js:653:10)\n    at Module.load (module.js:561:32)\n    at tryModuleLoad (module.js:504:12)\n    at Function.Module._load (module.js:496:3)\n    at Module.require (module.js:586:17)\n    at require (internal/module.js:11:18)\n    at files.forEach (D:\\code\\Github\\electron-template\\main.js:85:29)',
  timestamp: '2019-04-09 00:28:37.826' }
{ level: 'error',
  timestamp: '2019-04-09 00:28:37.827',
  message: 'Error as info',
  stack: 'Error: Error as info\n    at Object.<anonymous> (D:\\code\\Github\\electron-template\\main-process\\test-logger.js:72:14)\n    at Object.<anonymous> (D:\\code\\Github\\electron-template\\main-process\\test-logger.js:92:3)\n    at Module._compile (module.js:642:30)\n    at Object.Module._extensions..js (module.js:653:10)\n    at Module.load (module.js:561:32)\n    at tryModuleLoad (module.js:504:12)\n    at Function.Module._load (module.js:496:3)\n    at Module.require (module.js:586:17)\n    at require (internal/module.js:11:18)\n    at files.forEach (D:\\code\\Github\\electron-template\\main.js:85:29)' }
{ message: 'Error: Error as info',
  level: 'error',
  timestamp: '2019-04-09 00:28:37.828' }
{ error: Error: Hello, winston!
    at Object.<anonymous> (D:\code\Github\electron-template\main-process\test-logger.js:91:7)
    at Object.<anonymous> (D:\code\Github\electron-template\main-process\test-logger.js:92:3)
    at Module._compile (module.js:642:30)
    at Object.Module._extensions..js (module.js:653:10)
    at Module.load (module.js:561:32)
    at tryModuleLoad (module.js:504:12)
    at Function.Module._load (module.js:496:3)
    at Module.require (module.js:586:17)
    at require (internal/module.js:11:18)
    at files.forEach (D:\code\Github\electron-template\main.js:85:29),
  level: 'error',
  message: 'uncaughtException: Hello, winston!\nError: Hello, winston!\n    at Object.<anonymous> (D:\\code\\Github\\electron-template\\main-process\\test-logger.js:91:7)\n    at Object.<anonymous> (D:\\code\\Github\\electron-template\\main-process\\test-logger.js:92:3)\n    at Module._compile (module.js:642:30)\n    at Object.Module._extensions..js (module.js:653:10)\n    at Module.load (module.js:561:32)\n    at tryModuleLoad (module.js:504:12)\n    at Function.Module._load (module.js:496:3)\n    at Module.require (module.js:586:17)\n    at require (internal/module.js:11:18)\n    at files.forEach (D:\\code\\Github\\electron-template\\main.js:85:29)',
  stack: 'Error: Hello, winston!\n    at Object.<anonymous> (D:\\code\\Github\\electron-template\\main-process\\test-logger.js:91:7)\n    at Object.<anonymous> (D:\\code\\Github\\electron-template\\main-process\\test-logger.js:92:3)\n    at Module._compile (module.js:642:30)\n    at Object.Module._extensions..js (module.js:653:10)\n    at Module.load (module.js:561:32)\n    at tryModuleLoad (module.js:504:12)\n    at Function.Module._load (module.js:496:3)\n    at Module.require (module.js:586:17)\n    at require (internal/module.js:11:18)\n    at files.forEach (D:\\code\\Github\\electron-template\\main.js:85:29)',
  exception: true,
  date: 'Tue Apr 09 2019 00:28:37 GMT+0200 (Paris, Madrid (heure d’été))',
  process: 
   { pid: 7564,
     uid: null,
     gid: null,
     cwd: 'D:\\code\\Github\\electron-template',
     execPath: 'D:\\code\\Github\\electron-template\\node_modules\\electron\\dist\\electron.exe',
     version: 'v8.9.3',
     argv: 
      [ 'D:\\code\\Github\\electron-template\\node_modules\\electron\\dist\\electron.exe',
        '.' ],
     memoryUsage: 
      { rss: 42967040,
        heapTotal: 18771968,
        heapUsed: 11847872,
        external: 130759 } },
  os: { loadavg: [ 0, 0, 0 ], uptime: 45439.4118396 },
  trace: 
   [ { column: 7,
       file: 'D:\\code\\Github\\electron-template\\main-process\\test-logger.js',
       function: null,
       line: 91,
       method: null,
       native: false },
     { column: 3,
       file: 'D:\\code\\Github\\electron-template\\main-process\\test-logger.js',
       function: null,
       line: 92,
       method: null,
       native: false },
     { column: 30,
       file: 'module.js',
       function: 'Module._compile',
       line: 642,
       method: '_compile',
       native: false },
     { column: 10,
       file: 'module.js',
       function: 'Module._extensions..js',
       line: 653,
       method: '.js',
       native: false },
     { column: 32,
       file: 'module.js',
       function: 'Module.load',
       line: 561,
       method: 'load',
       native: false },
     { column: 12,
       file: 'module.js',
       function: 'tryModuleLoad',
       line: 504,
       method: null,
       native: false },
     { column: 3,
       file: 'module.js',
       function: 'Module._load',
       line: 496,
       method: '_load',
       native: false },
     { column: 17,
       file: 'module.js',
       function: 'Module.require',
       line: 586,
       method: 'require',
       native: false },
     { column: 18,
       file: 'internal/module.js',
       function: 'require',
       line: 11,
       method: null,
       native: false },
     { column: 29,
       file: 'D:\\code\\Github\\electron-template\\main.js',
       function: 'files.forEach',
       line: 85,
       method: 'forEach',
       native: false } ],
  timestamp: '2019-04-09 00:28:37.917' }
{ message: 'test',
  level: 'error',
  timestamp: '2019-04-09 00:31:27.918' }
{ level: 'error',
  timestamp: '2019-04-09 00:31:27.932',
  message: 'Error passed as message',
  stack: 'Error: Error passed as message\n    at Object.<anonymous> (D:\\code\\Github\\electron-template\\main-process\\test-logger.js:67:21)\n    at Object.<anonymous> (D:\\code\\Github\\electron-template\\main-process\\test-logger.js:92:3)\n    at Module._compile (module.js:642:30)\n    at Object.Module._extensions..js (module.js:653:10)\n    at Module.load (module.js:561:32)\n    at tryModuleLoad (module.js:504:12)\n    at Function.Module._load (module.js:496:3)\n    at Module.require (module.js:586:17)\n    at require (internal/module.js:11:18)\n    at files.forEach (D:\\code\\Github\\electron-template\\main.js:85:29)' }
{ level: 'error',
  message: 'Important error: Error passed as meta',
  stack: 'Error: Error passed as meta\n    at Object.<anonymous> (D:\\code\\Github\\electron-template\\main-process\\test-logger.js:70:42)\n    at Object.<anonymous> (D:\\code\\Github\\electron-template\\main-process\\test-logger.js:92:3)\n    at Module._compile (module.js:642:30)\n    at Object.Module._extensions..js (module.js:653:10)\n    at Module.load (module.js:561:32)\n    at tryModuleLoad (module.js:504:12)\n    at Function.Module._load (module.js:496:3)\n    at Module.require (module.js:586:17)\n    at require (internal/module.js:11:18)\n    at files.forEach (D:\\code\\Github\\electron-template\\main.js:85:29)',
  timestamp: '2019-04-09 00:31:27.934' }
{ level: 'error',
  timestamp: '2019-04-09 00:31:27.936',
  message: 'Error as info',
  stack: 'Error: Error as info\n    at Object.<anonymous> (D:\\code\\Github\\electron-template\\main-process\\test-logger.js:72:14)\n    at Object.<anonymous> (D:\\code\\Github\\electron-template\\main-process\\test-logger.js:92:3)\n    at Module._compile (module.js:642:30)\n    at Object.Module._extensions..js (module.js:653:10)\n    at Module.load (module.js:561:32)\n    at tryModuleLoad (module.js:504:12)\n    at Function.Module._load (module.js:496:3)\n    at Module.require (module.js:586:17)\n    at require (internal/module.js:11:18)\n    at files.forEach (D:\\code\\Github\\electron-template\\main.js:85:29)' }
{ message: 'Error: Error as info',
  level: 'error',
  timestamp: '2019-04-09 00:31:27.937' }
{ error: Error: Hello, winston!
    at Object.<anonymous> (D:\code\Github\electron-template\main-process\test-logger.js:91:7)
    at Object.<anonymous> (D:\code\Github\electron-template\main-process\test-logger.js:92:3)
    at Module._compile (module.js:642:30)
    at Object.Module._extensions..js (module.js:653:10)
    at Module.load (module.js:561:32)
    at tryModuleLoad (module.js:504:12)
    at Function.Module._load (module.js:496:3)
    at Module.require (module.js:586:17)
    at require (internal/module.js:11:18)
    at files.forEach (D:\code\Github\electron-template\main.js:85:29),
  level: 'error',
  message: 'uncaughtException: Hello, winston!\nError: Hello, winston!\n    at Object.<anonymous> (D:\\code\\Github\\electron-template\\main-process\\test-logger.js:91:7)\n    at Object.<anonymous> (D:\\code\\Github\\electron-template\\main-process\\test-logger.js:92:3)\n    at Module._compile (module.js:642:30)\n    at Object.Module._extensions..js (module.js:653:10)\n    at Module.load (module.js:561:32)\n    at tryModuleLoad (module.js:504:12)\n    at Function.Module._load (module.js:496:3)\n    at Module.require (module.js:586:17)\n    at require (internal/module.js:11:18)\n    at files.forEach (D:\\code\\Github\\electron-template\\main.js:85:29)',
  stack: 'Error: Hello, winston!\n    at Object.<anonymous> (D:\\code\\Github\\electron-template\\main-process\\test-logger.js:91:7)\n    at Object.<anonymous> (D:\\code\\Github\\electron-template\\main-process\\test-logger.js:92:3)\n    at Module._compile (module.js:642:30)\n    at Object.Module._extensions..js (module.js:653:10)\n    at Module.load (module.js:561:32)\n    at tryModuleLoad (module.js:504:12)\n    at Function.Module._load (module.js:496:3)\n    at Module.require (module.js:586:17)\n    at require (internal/module.js:11:18)\n    at files.forEach (D:\\code\\Github\\electron-template\\main.js:85:29)',
  exception: true,
  date: 'Tue Apr 09 2019 00:31:27 GMT+0200 (Paris, Madrid (heure d’été))',
  process: 
   { pid: 14420,
     uid: null,
     gid: null,
     cwd: 'D:\\code\\Github\\electron-template',
     execPath: 'D:\\code\\Github\\electron-template\\node_modules\\electron\\dist\\electron.exe',
     version: 'v8.9.3',
     argv: 
      [ 'D:\\code\\Github\\electron-template\\node_modules\\electron\\dist\\electron.exe',
        '.' ],
     memoryUsage: 
      { rss: 43012096,
        heapTotal: 18771968,
        heapUsed: 11930880,
        external: 130759 } },
  os: { loadavg: [ 0, 0, 0 ], uptime: 45609.5185292 },
  trace: 
   [ { column: 7,
       file: 'D:\\code\\Github\\electron-template\\main-process\\test-logger.js',
       function: null,
       line: 91,
       method: null,
       native: false },
     { column: 3,
       file: 'D:\\code\\Github\\electron-template\\main-process\\test-logger.js',
       function: null,
       line: 92,
       method: null,
       native: false },
     { column: 30,
       file: 'module.js',
       function: 'Module._compile',
       line: 642,
       method: '_compile',
       native: false },
     { column: 10,
       file: 'module.js',
       function: 'Module._extensions..js',
       line: 653,
       method: '.js',
       native: false },
     { column: 32,
       file: 'module.js',
       function: 'Module.load',
       line: 561,
       method: 'load',
       native: false },
     { column: 12,
       file: 'module.js',
       function: 'tryModuleLoad',
       line: 504,
       method: null,
       native: false },
     { column: 3,
       file: 'module.js',
       function: 'Module._load',
       line: 496,
       method: '_load',
       native: false },
     { column: 17,
       file: 'module.js',
       function: 'Module.require',
       line: 586,
       method: 'require',
       native: false },
     { column: 18,
       file: 'internal/module.js',
       function: 'require',
       line: 11,
       method: null,
       native: false },
     { column: 29,
       file: 'D:\\code\\Github\\electron-template\\main.js',
       function: 'files.forEach',
       line: 85,
       method: 'forEach',
       native: false } ],
  timestamp: '2019-04-09 00:31:28.023' }
{ message: 'test',
  level: 'error',
  timestamp: '2019-04-09 00:32:58.973' }
{ level: 'error',
  timestamp: '2019-04-09 00:32:58.993',
  message: 'Error passed as message',
  stack: 'Error: Error passed as message\n    at Object.<anonymous> (D:\\code\\Github\\electron-template\\main-process\\test-logger.js:67:21)\n    at Object.<anonymous> (D:\\code\\Github\\electron-template\\main-process\\test-logger.js:92:3)\n    at Module._compile (module.js:642:30)\n    at Object.Module._extensions..js (module.js:653:10)\n    at Module.load (module.js:561:32)\n    at tryModuleLoad (module.js:504:12)\n    at Function.Module._load (module.js:496:3)\n    at Module.require (module.js:586:17)\n    at require (internal/module.js:11:18)\n    at files.forEach (D:\\code\\Github\\electron-template\\main.js:85:29)' }
{ level: 'error',
  message: 'Important error: Error passed as meta',
  stack: 'Error: Error passed as meta\n    at Object.<anonymous> (D:\\code\\Github\\electron-template\\main-process\\test-logger.js:70:42)\n    at Object.<anonymous> (D:\\code\\Github\\electron-template\\main-process\\test-logger.js:92:3)\n    at Module._compile (module.js:642:30)\n    at Object.Module._extensions..js (module.js:653:10)\n    at Module.load (module.js:561:32)\n    at tryModuleLoad (module.js:504:12)\n    at Function.Module._load (module.js:496:3)\n    at Module.require (module.js:586:17)\n    at require (internal/module.js:11:18)\n    at files.forEach (D:\\code\\Github\\electron-template\\main.js:85:29)',
  timestamp: '2019-04-09 00:32:59.002' }
{ level: 'error',
  timestamp: '2019-04-09 00:32:59.003',
  message: 'Error as info',
  stack: 'Error: Error as info\n    at Object.<anonymous> (D:\\code\\Github\\electron-template\\main-process\\test-logger.js:72:14)\n    at Object.<anonymous> (D:\\code\\Github\\electron-template\\main-process\\test-logger.js:92:3)\n    at Module._compile (module.js:642:30)\n    at Object.Module._extensions..js (module.js:653:10)\n    at Module.load (module.js:561:32)\n    at tryModuleLoad (module.js:504:12)\n    at Function.Module._load (module.js:496:3)\n    at Module.require (module.js:586:17)\n    at require (internal/module.js:11:18)\n    at files.forEach (D:\\code\\Github\\electron-template\\main.js:85:29)' }
{ message: 'Error: Error as info',
  level: 'error',
  timestamp: '2019-04-09 00:32:59.004' }
{ error: Error: Hello, winston!
    at Object.<anonymous> (D:\code\Github\electron-template\main-process\test-logger.js:91:7)
    at Object.<anonymous> (D:\code\Github\electron-template\main-process\test-logger.js:92:3)
    at Module._compile (module.js:642:30)
    at Object.Module._extensions..js (module.js:653:10)
    at Module.load (module.js:561:32)
    at tryModuleLoad (module.js:504:12)
    at Function.Module._load (module.js:496:3)
    at Module.require (module.js:586:17)
    at require (internal/module.js:11:18)
    at files.forEach (D:\code\Github\electron-template\main.js:85:29),
  level: 'error',
  message: 'uncaughtException: Hello, winston!\nError: Hello, winston!\n    at Object.<anonymous> (D:\\code\\Github\\electron-template\\main-process\\test-logger.js:91:7)\n    at Object.<anonymous> (D:\\code\\Github\\electron-template\\main-process\\test-logger.js:92:3)\n    at Module._compile (module.js:642:30)\n    at Object.Module._extensions..js (module.js:653:10)\n    at Module.load (module.js:561:32)\n    at tryModuleLoad (module.js:504:12)\n    at Function.Module._load (module.js:496:3)\n    at Module.require (module.js:586:17)\n    at require (internal/module.js:11:18)\n    at files.forEach (D:\\code\\Github\\electron-template\\main.js:85:29)',
  stack: 'Error: Hello, winston!\n    at Object.<anonymous> (D:\\code\\Github\\electron-template\\main-process\\test-logger.js:91:7)\n    at Object.<anonymous> (D:\\code\\Github\\electron-template\\main-process\\test-logger.js:92:3)\n    at Module._compile (module.js:642:30)\n    at Object.Module._extensions..js (module.js:653:10)\n    at Module.load (module.js:561:32)\n    at tryModuleLoad (module.js:504:12)\n    at Function.Module._load (module.js:496:3)\n    at Module.require (module.js:586:17)\n    at require (internal/module.js:11:18)\n    at files.forEach (D:\\code\\Github\\electron-template\\main.js:85:29)',
  exception: true,
  date: 'Tue Apr 09 2019 00:32:59 GMT+0200 (Paris, Madrid (heure d’été))',
  process: 
   { pid: 13784,
     uid: null,
     gid: null,
     cwd: 'D:\\code\\Github\\electron-template',
     execPath: 'D:\\code\\Github\\electron-template\\node_modules\\electron\\dist\\electron.exe',
     version: 'v8.9.3',
     argv: 
      [ 'D:\\code\\Github\\electron-template\\node_modules\\electron\\dist\\electron.exe',
        '.' ],
     memoryUsage: 
      { rss: 42913792,
        heapTotal: 18771968,
        heapUsed: 11783800,
        external: 130759 } },
  os: { loadavg: [ 0, 0, 0 ], uptime: 45700.5730401 },
  trace: 
   [ { column: 7,
       file: 'D:\\code\\Github\\electron-template\\main-process\\test-logger.js',
       function: null,
       line: 91,
       method: null,
       native: false },
     { column: 3,
       file: 'D:\\code\\Github\\electron-template\\main-process\\test-logger.js',
       function: null,
       line: 92,
       method: null,
       native: false },
     { column: 30,
       file: 'module.js',
       function: 'Module._compile',
       line: 642,
       method: '_compile',
       native: false },
     { column: 10,
       file: 'module.js',
       function: 'Module._extensions..js',
       line: 653,
       method: '.js',
       native: false },
     { column: 32,
       file: 'module.js',
       function: 'Module.load',
       line: 561,
       method: 'load',
       native: false },
     { column: 12,
       file: 'module.js',
       function: 'tryModuleLoad',
       line: 504,
       method: null,
       native: false },
     { column: 3,
       file: 'module.js',
       function: 'Module._load',
       line: 496,
       method: '_load',
       native: false },
     { column: 17,
       file: 'module.js',
       function: 'Module.require',
       line: 586,
       method: 'require',
       native: false },
     { column: 18,
       file: 'internal/module.js',
       function: 'require',
       line: 11,
       method: null,
       native: false },
     { column: 29,
       file: 'D:\\code\\Github\\electron-template\\main.js',
       function: 'files.forEach',
       line: 85,
       method: 'forEach',
       native: false } ],
  timestamp: '2019-04-09 00:32:59.077' }
